MSBuild version 18.5.4+cb4e32d21 for .NET Framework

  sharedMemoryManager.vcxproj -> D:\Code\swg-client-v2\src\compile\win32\sharedMemoryManager\Debug\sharedMemoryManager.lib
  sharedRemoteDebugServer.vcxproj -> D:\Code\swg-client-v2\src\compile\win32\sharedRemoteDebugServer\Debug\sharedRemoteDebugServer.lib
  zlib.vcxproj -> D:\Code\compile\win32\zlib\Debug\zlib.lib
  sharedDebug.vcxproj -> D:\Code\swg-client-v2\src\compile\win32\sharedDebug\Debug\sharedDebug.lib
  sharedFile.vcxproj -> D:\Code\swg-client-v2\src\compile\win32\sharedFile\Debug\sharedFile.lib
  DllExport.vcxproj -> D:\Code\swg-client-v2\src\compile\win32\DllExport\Debug\DllExport.dll
  sharedCompression.vcxproj -> D:\Code\swg-client-v2\src\compile\win32\sharedCompression\Debug\sharedCompression.lib
  ui.vcxproj -> D:\Code\swg-client-v2\src\compile\win32\ui\Debug\ui.lib
  sharedUtility.vcxproj -> D:\Code\swg-client-v2\src\compile\win32\sharedUtility\Debug\sharedUtility.lib
  libMozilla.vcxproj -> D:\Code\swg-client-v2\src\compile\win32\libMozilla\Debug\libMozilla.lib
  sharedCollision.vcxproj -> D:\Code\swg-client-v2\src\compile\win32\sharedCollision\Debug\sharedCollision.lib
  crypto.vcxproj -> D:\Code\swg-client-v2\src\compile\win32\crypto\Debug\crypto.lib
  udplibrary.vcxproj -> D:\Code\swg-client-v2\src\compile\win32\udplibrary\Debug\udplibrary.lib
  unicodeArchive.vcxproj -> D:\Code\swg-client-v2\src\compile\win32\unicodeArchive\Debug\unicodeArchive.lib
  sharedInputMap.vcxproj -> D:\Code\swg-client-v2\src\compile\win32\sharedInputMap\Debug\sharedInputMap.lib
  sharedFoundation.vcxproj -> D:\Code\swg-client-v2\src\compile\win32\sharedFoundation\Debug\sharedFoundation.lib
  sharedFractal.vcxproj -> D:\Code\swg-client-v2\src\compile\win32\sharedFractal\Debug\sharedFractal.lib
  sharedTerrain.vcxproj -> D:\Code\swg-client-v2\src\compile\win32\sharedTerrain\Debug\sharedTerrain.lib
  clientObject.vcxproj -> D:\Code\swg-client-v2\src\compile\win32\clientObject\Debug\clientObject.lib
  libEverQuestTCG.vcxproj -> D:\Code\swg-client-v2\src\compile\win32\libEverQuestTCG\Debug\libEverQuestTCG.lib
  sharedPathfinding.vcxproj -> D:\Code\swg-client-v2\src\compile\win32\sharedPathfinding\Debug\sharedPathfinding.lib
  clientAudio.vcxproj -> D:\Code\swg-client-v2\src\compile\win32\clientAudio\Debug\clientAudio.lib
  archive.vcxproj -> D:\Code\swg-client-v2\src\compile\win32\archive\Debug\archive.lib
  clientSkeletalAnimation.vcxproj -> D:\Code\swg-client-v2\src\compile\win32\clientSkeletalAnimation\Debug\clientSkeletalAnimation.lib
  sharedGame.vcxproj -> D:\Code\swg-client-v2\src\compile\win32\sharedGame\Debug\sharedGame.lib
  swgClientUserInterface.vcxproj -> D:\Code\swg-client-v2\src\compile\win32\swgClientUserInterface\Debug\swgClientUserInterface.lib
  fileInterface.vcxproj -> D:\Code\swg-client-v2\src\compile\win32\fileInterface\Debug\fileInterface.lib
  sharedSynchronization.vcxproj -> D:\Code\swg-client-v2\src\compile\win32\sharedSynchronization\Debug\sharedSynchronization.lib
  sharedSkillSystem.vcxproj -> D:\Code\swg-client-v2\src\compile\win32\sharedSkillSystem\Debug\sharedSkillSystem.lib
  sharedXml.vcxproj -> D:\Code\swg-client-v2\src\compile\win32\sharedXml\Debug\sharedXml.lib
  sharedNetwork.vcxproj -> D:\Code\swg-client-v2\src\compile\win32\sharedNetwork\Debug\sharedNetwork.lib
  sharedIoWin.vcxproj -> D:\Code\swg-client-v2\src\compile\win32\sharedIoWin\Debug\sharedIoWin.lib
  swgSharedUtility.vcxproj -> D:\Code\swg-client-v2\src\compile\win32\swgSharedUtility\Debug\swgSharedUtility.lib
  clientTextureRenderer.vcxproj -> D:\Code\swg-client-v2\src\compile\win32\clientTextureRenderer\Debug\clientTextureRenderer.lib
  sharedMath.vcxproj -> D:\Code\swg-client-v2\src\compile\win32\sharedMath\Debug\sharedMath.lib
  localization.vcxproj -> D:\Code\swg-client-v2\src\compile\win32\localization\Debug\localization.lib
  localizationArchive.vcxproj -> D:\Code\swg-client-v2\src\compile\win32\localizationArchive\Debug\localizationArchive.lib
  sharedThread.vcxproj -> D:\Code\swg-client-v2\src\compile\win32\sharedThread\Debug\sharedThread.lib
  swgSharedNetworkMessages.vcxproj -> D:\Code\swg-client-v2\src\compile\win32\swgSharedNetworkMessages\Debug\swgSharedNetworkMessages.lib
  clientGraphics.vcxproj -> D:\Code\swg-client-v2\src\compile\win32\clientGraphics\Debug\clientGraphics.lib
  clientBugReporting.vcxproj -> D:\Code\swg-client-v2\src\compile\win32\clientBugReporting\Debug\clientBugReporting.lib
  dpvs.vcxproj -> D:\Code\swg-client-v2\src\compile\win32\dpvs\Debug\dpvs.dll
  sharedObject.vcxproj -> D:\Code\swg-client-v2\src\compile\win32\sharedObject\Debug\sharedObject.lib
  clientUserInterface.vcxproj -> D:\Code\swg-client-v2\src\compile\win32\clientUserInterface\Debug\clientUserInterface.lib
  sharedStatusWindow.vcxproj -> D:\Code\swg-client-v2\src\compile\win32\sharedStatusWindow\Debug\sharedStatusWindow.lib
  sharedImage.vcxproj -> D:\Code\swg-client-v2\src\compile\win32\sharedImage\Debug\sharedImage.lib
  clientTerrain.vcxproj -> D:\Code\swg-client-v2\src\compile\win32\clientTerrain\Debug\clientTerrain.lib
  clientGame.vcxproj -> D:\Code\swg-client-v2\src\compile\win32\clientGame\Debug\clientGame.lib
  sharedRegex.vcxproj -> D:\Code\swg-client-v2\src\compile\win32\sharedRegex\Debug\sharedRegex.lib
  sharedRandom.vcxproj -> D:\Code\swg-client-v2\src\compile\win32\sharedRandom\Debug\sharedRandom.lib
  sharedSwitcher.vcxproj -> D:\Code\swg-client-v2\src\compile\win32\sharedSwitcher\Debug\sharedSwitcher.lib
  sharedCommandParser.vcxproj -> D:\Code\swg-client-v2\src\compile\win32\sharedCommandParser\Debug\sharedCommandParser.lib
  clientParticle.vcxproj -> D:\Code\swg-client-v2\src\compile\win32\clientParticle\Debug\clientParticle.lib
  unicode.vcxproj -> D:\Code\swg-client-v2\src\compile\win32\unicode\Debug\unicode.lib
  clientDirectInput.vcxproj -> D:\Code\swg-client-v2\src\compile\win32\clientDirectInput\Debug\clientDirectInput.lib
  clientAnimation.vcxproj -> D:\Code\swg-client-v2\src\compile\win32\clientAnimation\Debug\clientAnimation.lib
  blat.vcxproj -> D:\Code\swg-client-v2\src\compile\win32\blat\Debug\blat.lib
  sharedLog.vcxproj -> D:\Code\swg-client-v2\src\compile\win32\sharedLog\Debug\sharedLog.lib
  sharedMessageDispatch.vcxproj -> D:\Code\swg-client-v2\src\compile\win32\sharedMessageDispatch\Debug\sharedMessageDispatch.lib
  sharedNetworkMessages.vcxproj -> D:\Code\swg-client-v2\src\compile\win32\sharedNetworkMessages\Debug\sharedNetworkMessages.lib
  lcdui.vcxproj -> D:\Code\swg-client-v2\src\compile\win32\lcdui\Debug\lcdui.lib
D:\Program Files\Microsoft Visual Studio\18\Community\MSBuild\Microsoft\VC\v180\Microsoft.CppBuild.targets(1415,5): warning MSB8012: TargetPath(D:\Code\swg-client-v2\src\compile\win32\Direct3d9_vsps\Debug\Direct3d9_vsps.dll) does not match the Linker's OutputFile property value (D:\Code\swg-client-v2\src\compile\win32\Direct3d9_vsps\Debug\gl07_d.dll). This may cause your project to build incorrectly. To correct this, please make sure that $(OutDir), $(TargetName) and $(TargetExt) property values match the value specified in %(Link.OutputFile). [D:\Code\swg-client-v2\src\engine\client\application\Direct3d9\build\win32\Direct3d9_vsps.vcxproj]
D:\Program Files\Microsoft Visual Studio\18\Community\MSBuild\Microsoft\VC\v180\Microsoft.CppBuild.targets(1417,5): warning MSB8012: TargetName(Direct3d9_vsps) does not match the Linker's OutputFile property value (gl07_d). This may cause your project to build incorrectly. To correct this, please make sure that $(OutDir), $(TargetName) and $(TargetExt) property values match the value specified in %(Link.OutputFile). [D:\Code\swg-client-v2\src\engine\client\application\Direct3d9\build\win32\Direct3d9_vsps.vcxproj]
  Direct3d9_vsps.vcxproj -> D:\Code\swg-client-v2\src\compile\win32\Direct3d9_vsps\Debug\Direct3d9_vsps.dll
D:\Program Files\Microsoft Visual Studio\18\Community\MSBuild\Microsoft\VC\v180\Microsoft.CppBuild.targets(1415,5): warning MSB8012: TargetPath(D:\Code\swg-client-v2\src\compile\win32\Direct3d9\Debug\Direct3d9.dll) does not match the Linker's OutputFile property value (D:\Code\swg-client-v2\src\compile\win32\Direct3d9\Debug\gl05_d.dll). This may cause your project to build incorrectly. To correct this, please make sure that $(OutDir), $(TargetName) and $(TargetExt) property values match the value specified in %(Link.OutputFile). [D:\Code\swg-client-v2\src\engine\client\application\Direct3d9\build\win32\Direct3d9.vcxproj]
D:\Program Files\Microsoft Visual Studio\18\Community\MSBuild\Microsoft\VC\v180\Microsoft.CppBuild.targets(1417,5): warning MSB8012: TargetName(Direct3d9) does not match the Linker's OutputFile property value (gl05_d). This may cause your project to build incorrectly. To correct this, please make sure that $(OutDir), $(TargetName) and $(TargetExt) property values match the value specified in %(Link.OutputFile). [D:\Code\swg-client-v2\src\engine\client\application\Direct3d9\build\win32\Direct3d9.vcxproj]
  Direct3d9.vcxproj -> D:\Code\swg-client-v2\src\compile\win32\Direct3d9\Debug\Direct3d9.dll
D:\Program Files\Microsoft Visual Studio\18\Community\MSBuild\Microsoft\VC\v180\Microsoft.CppBuild.targets(1415,5): warning MSB8012: TargetPath(D:\Code\swg-client-v2\src\compile\win32\Direct3d9_ffp\Debug\Direct3d9_ffp.dll) does not match the Linker's OutputFile property value (D:\Code\swg-client-v2\src\compile\win32\Direct3d9_ffp\Debug\gl06_d.dll). This may cause your project to build incorrectly. To correct this, please make sure that $(OutDir), $(TargetName) and $(TargetExt) property values match the value specified in %(Link.OutputFile). [D:\Code\swg-client-v2\src\engine\client\application\Direct3d9\build\win32\Direct3d9_ffp.vcxproj]
D:\Program Files\Microsoft Visual Studio\18\Community\MSBuild\Microsoft\VC\v180\Microsoft.CppBuild.targets(1417,5): warning MSB8012: TargetName(Direct3d9_ffp) does not match the Linker's OutputFile property value (gl06_d). This may cause your project to build incorrectly. To correct this, please make sure that $(OutDir), $(TargetName) and $(TargetExt) property values match the value specified in %(Link.OutputFile). [D:\Code\swg-client-v2\src\engine\client\application\Direct3d9\build\win32\Direct3d9_ffp.vcxproj]
  Direct3d9_ffp.vcxproj -> D:\Code\swg-client-v2\src\compile\win32\Direct3d9_ffp\Debug\Direct3d9_ffp.dll
D:\Program Files\Microsoft Visual Studio\18\Community\MSBuild\Microsoft\VC\v180\Microsoft.CppBuild.targets(1415,5): warning MSB8012: TargetPath(D:\Code\swg-client-v2\src\compile\win32\SwgClient\Debug\SwgClient.exe) does not match the Linker's OutputFile property value (D:\Code\swg-client-v2\src\compile\win32\SwgClient\Debug\SwgClient_d.exe). This may cause your project to build incorrectly. To correct this, please make sure that $(OutDir), $(TargetName) and $(TargetExt) property values match the value specified in %(Link.OutputFile). [D:\Code\swg-client-v2\src\game\client\application\SwgClient\build\win32\SwgClient.vcxproj]
D:\Program Files\Microsoft Visual Studio\18\Community\MSBuild\Microsoft\VC\v180\Microsoft.CppBuild.targets(1417,5): warning MSB8012: TargetName(SwgClient) does not match the Linker's OutputFile property value (SwgClient_d). This may cause your project to build incorrectly. To correct this, please make sure that $(OutDir), $(TargetName) and $(TargetExt) property values match the value specified in %(Link.OutputFile). [D:\Code\swg-client-v2\src\game\client\application\SwgClient\build\win32\SwgClient.vcxproj]
  SwgClient.vcxproj -> D:\Code\swg-client-v2\src\compile\win32\SwgClient\Debug\SwgClient.exe
  The system cannot find the path specified.
D:\Program Files\Microsoft Visual Studio\18\Community\MSBuild\Microsoft\VC\v180\Microsoft.CppCommon.targets(166,5): error MSB3073: The command "copy "D:\SWG\client-tools\src\compile\win32\SwgClient\Debug\SwgClient_d.exe" "D:\SWG\SWGSource Client v3.0\" [D:\Code\swg-client-v2\src\game\client\application\SwgClient\build\win32\SwgClient.vcxproj]
D:\Program Files\Microsoft Visual Studio\18\Community\MSBuild\Microsoft\VC\v180\Microsoft.CppCommon.targets(166,5): error MSB3073: :VCEnd" exited with code 1. [D:\Code\swg-client-v2\src\game\client\application\SwgClient\build\win32\SwgClient.vcxproj]
